<?xml version="1.0" encoding="UTF-8"?>
<testsuite name="org.example.HelloControllerWebMvcTest" tests="5" skipped="0" failures="0" errors="0" timestamp="2026-04-03T06:26:50.537Z" hostname="ip-10-1-210-217.ap-south-1.compute.internal" time="0.478">
  <properties/>
  <testcase name="GET / returns 200 and greeting body" classname="org.example.HelloControllerWebMvcTest" time="0.447"/>
  <testcase name="GET / accepts application/json and still returns greeting" classname="org.example.HelloControllerWebMvcTest" time="0.003"/>
  <testcase name="[1] path=/unknown" classname="org.example.HelloControllerWebMvcTest" time="0.009"/>
  <testcase name="[2] path=/api/missing" classname="org.example.HelloControllerWebMvcTest" time="0.002"/>
  <testcase name="[3] path=/health/deep" classname="org.example.HelloControllerWebMvcTest" time="0.003"/>
  <system-out><![CDATA[11:56:49.749 [Test worker] INFO org.springframework.test.context.support.AnnotationConfigContextLoaderUtils -- Could not detect default configuration classes for test class [org.example.HelloControllerWebMvcTest]: HelloControllerWebMvcTest does not declare any static, non-private, non-final, nested classes annotated with @Configuration.
11:56:49.839 [Test worker] INFO org.springframework.boot.test.context.SpringBootTestContextBootstrapper -- Found @SpringBootConfiguration org.example.SonarScanApplication for test class org.example.HelloControllerWebMvcTest

  .   ____          _            __ _ _
 /\\ / ___'_ __ _ _(_)_ __  __ _ \ \ \ \
( ( )\___ | '_ | '_| | '_ \/ _` | \ \ \ \
 \\/  ___)| |_)| | | | | || (_| |  ) ) ) )
  '  |____| .__|_| |_|_| |_\__, | / / / /
 =========|_|==============|___/=/_/_/_/

 :: Spring Boot ::                (v3.4.2)

2026-04-03T11:56:50.060+05:30  INFO 25992 --- [sonar-scan] [    Test worker] org.example.HelloControllerWebMvcTest    : Starting HelloControllerWebMvcTest using Java 17.0.17 with PID 25992 (started by nishantsharma in /Users/nishantsharma/project/learning/myworkspace/sonar-scan/sonar-scan)
2026-04-03T11:56:50.061+05:30  INFO 25992 --- [sonar-scan] [    Test worker] org.example.HelloControllerWebMvcTest    : No active profile set, falling back to 1 default profile: "default"
2026-04-03T11:56:50.512+05:30  INFO 25992 --- [sonar-scan] [    Test worker] o.s.b.t.m.w.SpringBootMockServletContext : Initializing Spring TestDispatcherServlet ''
2026-04-03T11:56:50.512+05:30  INFO 25992 --- [sonar-scan] [    Test worker] o.s.t.web.servlet.TestDispatcherServlet  : Initializing Servlet ''
2026-04-03T11:56:50.514+05:30  INFO 25992 --- [sonar-scan] [    Test worker] o.s.t.web.servlet.TestDispatcherServlet  : Completed initialization in 1 ms
2026-04-03T11:56:50.534+05:30  INFO 25992 --- [sonar-scan] [    Test worker] org.example.HelloControllerWebMvcTest    : Started HelloControllerWebMvcTest in 0.653 seconds (process running for 1.359)
]]></system-out>
  <system-err><![CDATA[]]></system-err>
</testsuite>
